<?xml version="1.0" encoding="UTF-8"?>
<testng-results ignored="0" total="28" passed="28" failed="0" skipped="0">
  <reporter-output>
  </reporter-output>
  <suite started-at="2022-06-06T19:20:50 IST" name="POS" finished-at="2022-06-06T19:21:58 IST" duration-ms="68389">
    <groups>
    </groups>
    <test started-at="2022-06-06T19:20:50 IST" name="POSTest" finished-at="2022-06-06T19:21:58 IST" duration-ms="68389">
      <class name="com.qa.test.StoreTC">
        <test-method is-config="true" signature="initialize()[pri:0, instance:com.qa.test.StoreTC@72c8e7b]" started-at="2022-06-06T19:21:32 IST" name="initialize" finished-at="2022-06-06T19:21:45 IST" duration-ms="12280" status="PASS">
          <reporter-output>
          </reporter-output>
        </test-method> <!-- initialize -->
        <test-method is-config="true" signature="performlogin()[pri:0, instance:com.qa.test.StoreTC@72c8e7b]" started-at="2022-06-06T19:21:45 IST" name="performlogin" finished-at="2022-06-06T19:21:48 IST" duration-ms="3154" status="PASS">
          <reporter-output>
          </reporter-output>
        </test-method> <!-- performlogin -->
        <test-method signature="storeClickTest()[pri:1, instance:com.qa.test.StoreTC@72c8e7b]" started-at="2022-06-06T19:21:48 IST" name="storeClickTest" finished-at="2022-06-06T19:21:54 IST" duration-ms="5671" status="PASS">
          <reporter-output>
          </reporter-output>
        </test-method> <!-- storeClickTest -->
        <test-method signature="storeNameSearchTest()[pri:2, instance:com.qa.test.StoreTC@72c8e7b]" started-at="2022-06-06T19:21:54 IST" name="storeNameSearchTest" finished-at="2022-06-06T19:21:54 IST" duration-ms="214" status="PASS">
          <reporter-output>
          </reporter-output>
        </test-method> <!-- storeNameSearchTest -->
        <test-method signature="addStoreClickTest()[pri:3, instance:com.qa.test.StoreTC@72c8e7b]" started-at="2022-06-06T19:21:54 IST" name="addStoreClickTest" finished-at="2022-06-06T19:21:54 IST" duration-ms="399" status="PASS">
          <reporter-output>
          </reporter-output>
        </test-method> <!-- addStoreClickTest -->
        <test-method signature="addStoreFieldsTest()[pri:4, instance:com.qa.test.StoreTC@72c8e7b]" started-at="2022-06-06T19:21:54 IST" name="addStoreFieldsTest" finished-at="2022-06-06T19:21:57 IST" duration-ms="2984" status="PASS">
          <reporter-output>
          </reporter-output>
        </test-method> <!-- addStoreFieldsTest -->
        <test-method signature="addStoreSubmitTest()[pri:5, instance:com.qa.test.StoreTC@72c8e7b]" started-at="2022-06-06T19:21:57 IST" name="addStoreSubmitTest" finished-at="2022-06-06T19:21:58 IST" duration-ms="737" status="PASS">
          <reporter-output>
          </reporter-output>
        </test-method> <!-- addStoreSubmitTest -->
        <test-method signature="performStoreListFilter()[pri:6, instance:com.qa.test.StoreTC@72c8e7b]" started-at="2022-06-06T19:21:58 IST" name="performStoreListFilter" finished-at="2022-06-06T19:21:58 IST" duration-ms="135" status="PASS">
          <reporter-output>
          </reporter-output>
        </test-method> <!-- performStoreListFilter -->
      </class> <!-- com.qa.test.StoreTC -->
      <class name="com.qa.test.LoginTC">
        <test-method is-config="true" signature="initialize()[pri:0, instance:com.qa.test.LoginTC@4007f65e]" started-at="2022-06-06T19:20:50 IST" name="initialize" finished-at="2022-06-06T19:20:55 IST" duration-ms="5293" status="PASS">
          <reporter-output>
          </reporter-output>
        </test-method> <!-- initialize -->
        <test-method is-config="true" signature="beforeMethod()[pri:0, instance:com.qa.test.LoginTC@4007f65e]" started-at="2022-06-06T19:20:55 IST" name="beforeMethod" finished-at="2022-06-06T19:20:55 IST" duration-ms="29" status="PASS">
          <reporter-output>
          </reporter-output>
        </test-method> <!-- beforeMethod -->
        <test-method signature="userIdFieldIsDisplayed()[pri:1, instance:com.qa.test.LoginTC@4007f65e]" started-at="2022-06-06T19:20:55 IST" name="userIdFieldIsDisplayed" finished-at="2022-06-06T19:20:55 IST" duration-ms="121" status="PASS">
          <reporter-output>
          </reporter-output>
        </test-method> <!-- userIdFieldIsDisplayed -->
        <test-method is-config="true" signature="beforeMethod()[pri:0, instance:com.qa.test.LoginTC@4007f65e]" started-at="2022-06-06T19:20:55 IST" name="beforeMethod" finished-at="2022-06-06T19:20:55 IST" duration-ms="2" status="PASS">
          <reporter-output>
          </reporter-output>
        </test-method> <!-- beforeMethod -->
        <test-method signature="passwordFieldIsDisplayed()[pri:2, instance:com.qa.test.LoginTC@4007f65e]" started-at="2022-06-06T19:20:55 IST" name="passwordFieldIsDisplayed" finished-at="2022-06-06T19:20:55 IST" duration-ms="56" status="PASS">
          <reporter-output>
          </reporter-output>
        </test-method> <!-- passwordFieldIsDisplayed -->
        <test-method is-config="true" signature="beforeMethod()[pri:0, instance:com.qa.test.LoginTC@4007f65e]" started-at="2022-06-06T19:20:55 IST" name="beforeMethod" finished-at="2022-06-06T19:20:55 IST" duration-ms="1" status="PASS">
          <reporter-output>
          </reporter-output>
        </test-method> <!-- beforeMethod -->
        <test-method signature="passwordMasked()[pri:3, instance:com.qa.test.LoginTC@4007f65e]" started-at="2022-06-06T19:20:55 IST" name="passwordMasked" finished-at="2022-06-06T19:20:55 IST" duration-ms="37" status="PASS">
          <reporter-output>
          </reporter-output>
        </test-method> <!-- passwordMasked -->
        <test-method is-config="true" signature="beforeMethod()[pri:0, instance:com.qa.test.LoginTC@4007f65e]" started-at="2022-06-06T19:20:55 IST" name="beforeMethod" finished-at="2022-06-06T19:20:55 IST" duration-ms="1" status="PASS">
          <reporter-output>
          </reporter-output>
        </test-method> <!-- beforeMethod -->
        <test-method signature="loginTestWithWrongPassword()[pri:4, instance:com.qa.test.LoginTC@4007f65e]" started-at="2022-06-06T19:20:55 IST" name="loginTestWithWrongPassword" finished-at="2022-06-06T19:20:56 IST" duration-ms="1190" status="PASS">
          <reporter-output>
          </reporter-output>
        </test-method> <!-- loginTestWithWrongPassword -->
        <test-method is-config="true" signature="beforeMethod()[pri:0, instance:com.qa.test.LoginTC@4007f65e]" started-at="2022-06-06T19:20:56 IST" name="beforeMethod" finished-at="2022-06-06T19:20:56 IST" duration-ms="1" status="PASS">
          <reporter-output>
          </reporter-output>
        </test-method> <!-- beforeMethod -->
        <test-method signature="loginTest()[pri:5, instance:com.qa.test.LoginTC@4007f65e]" started-at="2022-06-06T19:20:56 IST" name="loginTest" finished-at="2022-06-06T19:20:59 IST" duration-ms="2913" status="PASS">
          <reporter-output>
          </reporter-output>
        </test-method> <!-- loginTest -->
      </class> <!-- com.qa.test.LoginTC -->
      <class name="com.qa.test.HomePageTC">
        <test-method is-config="true" signature="initialize()[pri:0, instance:com.qa.test.HomePageTC@194fad1]" started-at="2022-06-06T19:20:59 IST" name="initialize" finished-at="2022-06-06T19:21:04 IST" duration-ms="5104" status="PASS">
          <reporter-output>
          </reporter-output>
        </test-method> <!-- initialize -->
        <test-method is-config="true" signature="performlogin()[pri:0, instance:com.qa.test.HomePageTC@194fad1]" started-at="2022-06-06T19:21:04 IST" name="performlogin" finished-at="2022-06-06T19:21:08 IST" duration-ms="3972" status="PASS">
          <reporter-output>
          </reporter-output>
        </test-method> <!-- performlogin -->
        <test-method signature="homepagetest()[pri:1, instance:com.qa.test.HomePageTC@194fad1]" started-at="2022-06-06T19:21:08 IST" name="homepagetest" finished-at="2022-06-06T19:21:09 IST" duration-ms="672" status="PASS">
          <reporter-output>
          </reporter-output>
        </test-method> <!-- homepagetest -->
        <test-method signature="posMenuTest()[pri:2, instance:com.qa.test.HomePageTC@194fad1]" started-at="2022-06-06T19:21:09 IST" name="posMenuTest" finished-at="2022-06-06T19:21:10 IST" duration-ms="551" status="PASS">
          <reporter-output>
          </reporter-output>
        </test-method> <!-- posMenuTest -->
        <test-method signature="storeClickedTest()[pri:3, instance:com.qa.test.HomePageTC@194fad1]" started-at="2022-06-06T19:21:10 IST" name="storeClickedTest" finished-at="2022-06-06T19:21:11 IST" duration-ms="1175" status="PASS">
          <reporter-output>
          </reporter-output>
        </test-method> <!-- storeClickedTest -->
        <test-method signature="submitPopupTest()[pri:4, instance:com.qa.test.HomePageTC@194fad1]" started-at="2022-06-06T19:21:11 IST" name="submitPopupTest" finished-at="2022-06-06T19:21:13 IST" duration-ms="2383" status="PASS">
          <reporter-output>
          </reporter-output>
        </test-method> <!-- submitPopupTest -->
        <test-method signature="cancelPopupTest()[pri:5, instance:com.qa.test.HomePageTC@194fad1]" started-at="2022-06-06T19:21:13 IST" name="cancelPopupTest" finished-at="2022-06-06T19:21:13 IST" duration-ms="205" status="PASS">
          <reporter-output>
          </reporter-output>
        </test-method> <!-- cancelPopupTest -->
        <test-method signature="submitPopupTest1()[pri:6, instance:com.qa.test.HomePageTC@194fad1]" started-at="2022-06-06T19:21:13 IST" name="submitPopupTest1" finished-at="2022-06-06T19:21:15 IST" duration-ms="1609" status="PASS">
          <reporter-output>
          </reporter-output>
        </test-method> <!-- submitPopupTest1 -->
        <test-method signature="cancelPopupTest1()[pri:7, instance:com.qa.test.HomePageTC@194fad1]" started-at="2022-06-06T19:21:15 IST" name="cancelPopupTest1" finished-at="2022-06-06T19:21:15 IST" duration-ms="164" status="PASS">
          <reporter-output>
          </reporter-output>
        </test-method> <!-- cancelPopupTest1 -->
      </class> <!-- com.qa.test.HomePageTC -->
      <class name="com.qa.test.ProductTC">
        <test-method is-config="true" signature="initialize()[pri:0, instance:com.qa.test.ProductTC@26abb146]" started-at="2022-06-06T19:21:15 IST" name="initialize" finished-at="2022-06-06T19:21:23 IST" duration-ms="7552" status="PASS">
          <reporter-output>
          </reporter-output>
        </test-method> <!-- initialize -->
        <test-method is-config="true" signature="performlogin()[pri:0, instance:com.qa.test.ProductTC@26abb146]" started-at="2022-06-06T19:21:23 IST" name="performlogin" finished-at="2022-06-06T19:21:26 IST" duration-ms="2894" status="PASS">
          <reporter-output>
          </reporter-output>
        </test-method> <!-- performlogin -->
        <test-method signature="clickProductMenuTest()[pri:1, instance:com.qa.test.ProductTC@26abb146]" started-at="2022-06-06T19:21:26 IST" name="clickProductMenuTest" finished-at="2022-06-06T19:21:28 IST" duration-ms="2416" status="PASS">
          <reporter-output>
          </reporter-output>
        </test-method> <!-- clickProductMenuTest -->
        <test-method signature="supplierSelectedTest()[pri:2, instance:com.qa.test.ProductTC@26abb146]" started-at="2022-06-06T19:21:28 IST" name="supplierSelectedTest" finished-at="2022-06-06T19:21:28 IST" duration-ms="127" status="PASS">
          <reporter-output>
          </reporter-output>
        </test-method> <!-- supplierSelectedTest -->
        <test-method signature="typeSelectedTest()[pri:3, instance:com.qa.test.ProductTC@26abb146]" started-at="2022-06-06T19:21:28 IST" name="typeSelectedTest" finished-at="2022-06-06T19:21:28 IST" duration-ms="135" status="PASS">
          <reporter-output>
          </reporter-output>
        </test-method> <!-- typeSelectedTest -->
        <test-method signature="scrollPage()[pri:4, instance:com.qa.test.ProductTC@26abb146]" started-at="2022-06-06T19:21:28 IST" name="scrollPage" finished-at="2022-06-06T19:21:28 IST" duration-ms="8" status="PASS">
          <reporter-output>
          </reporter-output>
        </test-method> <!-- scrollPage -->
        <test-method signature="downloadExcelTest()[pri:5, instance:com.qa.test.ProductTC@26abb146]" started-at="2022-06-06T19:21:28 IST" name="downloadExcelTest" finished-at="2022-06-06T19:21:29 IST" duration-ms="601" status="PASS">
          <reporter-output>
          </reporter-output>
        </test-method> <!-- downloadExcelTest -->
        <test-method signature="readExcelText()[pri:6, instance:com.qa.test.ProductTC@26abb146]" started-at="2022-06-06T19:21:29 IST" name="readExcelText" finished-at="2022-06-06T19:21:29 IST" duration-ms="100" status="PASS">
          <reporter-output>
          </reporter-output>
        </test-method> <!-- readExcelText -->
        <test-method signature="searchTest()[pri:7, instance:com.qa.test.ProductTC@26abb146]" started-at="2022-06-06T19:21:29 IST" name="searchTest" finished-at="2022-06-06T19:21:29 IST" duration-ms="369" status="PASS">
          <reporter-output>
          </reporter-output>
        </test-method> <!-- searchTest -->
        <test-method signature="ProductPopupDisplayTest()[pri:8, instance:com.qa.test.ProductTC@26abb146]" started-at="2022-06-06T19:21:29 IST" name="ProductPopupDisplayTest" finished-at="2022-06-06T19:21:30 IST" duration-ms="963" status="PASS">
          <reporter-output>
          </reporter-output>
        </test-method> <!-- ProductPopupDisplayTest -->
        <test-method signature="addProductFieldsTest()[pri:9, instance:com.qa.test.ProductTC@26abb146]" started-at="2022-06-06T19:21:30 IST" name="addProductFieldsTest" finished-at="2022-06-06T19:21:32 IST" duration-ms="1433" status="PASS">
          <reporter-output>
          </reporter-output>
        </test-method> <!-- addProductFieldsTest -->
        <test-method signature="stockSubmitClickTest()[pri:10, instance:com.qa.test.ProductTC@26abb146]" started-at="2022-06-06T19:21:32 IST" name="stockSubmitClickTest" finished-at="2022-06-06T19:21:32 IST" duration-ms="651" status="PASS">
          <reporter-output>
          </reporter-output>
        </test-method> <!-- stockSubmitClickTest -->
      </class> <!-- com.qa.test.ProductTC -->
    </test> <!-- POSTest -->
  </suite> <!-- POS -->
</testng-results>
