<?xml version="1.0" encoding="UTF-8"?>
<!-- Generated by org.testng.reporters.JUnitXMLReporter -->
<testsuite ignored="0" hostname="SHISHRA-WINDOWS" failures="0" tests="28" name="POSTest" time="68.389" errors="0" timestamp="2022-06-06T19:21:58 IST">
  <testcase classname="com.qa.test.LoginTC" name="userIdFieldIsDisplayed" time="0.121"/>
  <testcase classname="com.qa.test.LoginTC" name="passwordFieldIsDisplayed" time="0.056"/>
  <testcase classname="com.qa.test.LoginTC" name="passwordMasked" time="0.037"/>
  <testcase classname="com.qa.test.LoginTC" name="loginTestWithWrongPassword" time="1.19"/>
  <testcase classname="com.qa.test.LoginTC" name="loginTest" time="2.913"/>
  <testcase classname="com.qa.test.HomePageTC" name="homepagetest" time="0.672"/>
  <testcase classname="com.qa.test.HomePageTC" name="posMenuTest" time="0.551"/>
  <testcase classname="com.qa.test.HomePageTC" name="storeClickedTest" time="1.175"/>
  <testcase classname="com.qa.test.HomePageTC" name="submitPopupTest" time="2.383"/>
  <testcase classname="com.qa.test.HomePageTC" name="cancelPopupTest" time="0.205"/>
  <testcase classname="com.qa.test.HomePageTC" name="submitPopupTest1" time="1.609"/>
  <testcase classname="com.qa.test.HomePageTC" name="cancelPopupTest1" time="0.164"/>
  <testcase classname="com.qa.test.ProductTC" name="clickProductMenuTest" time="2.416"/>
  <testcase classname="com.qa.test.ProductTC" name="supplierSelectedTest" time="0.127"/>
  <testcase classname="com.qa.test.ProductTC" name="typeSelectedTest" time="0.135"/>
  <testcase classname="com.qa.test.ProductTC" name="scrollPage" time="0.008"/>
  <testcase classname="com.qa.test.ProductTC" name="downloadExcelTest" time="0.601"/>
  <testcase classname="com.qa.test.ProductTC" name="readExcelText" time="0.1"/>
  <testcase classname="com.qa.test.ProductTC" name="searchTest" time="0.369"/>
  <testcase classname="com.qa.test.ProductTC" name="ProductPopupDisplayTest" time="0.963"/>
  <testcase classname="com.qa.test.ProductTC" name="addProductFieldsTest" time="1.433"/>
  <testcase classname="com.qa.test.ProductTC" name="stockSubmitClickTest" time="0.651"/>
  <testcase classname="com.qa.test.StoreTC" name="storeClickTest" time="5.671"/>
  <testcase classname="com.qa.test.StoreTC" name="storeNameSearchTest" time="0.214"/>
  <testcase classname="com.qa.test.StoreTC" name="addStoreClickTest" time="0.399"/>
  <testcase classname="com.qa.test.StoreTC" name="addStoreFieldsTest" time="2.984"/>
  <testcase classname="com.qa.test.StoreTC" name="addStoreSubmitTest" time="0.737"/>
  <testcase classname="com.qa.test.StoreTC" name="performStoreListFilter" time="0.135"/>
</testsuite> <!-- POSTest -->
